2023-04-23 19:04:43,625 : INFO : DataHandler : Sending the request to open the link......
2023-04-23 19:04:45,135 : INFO : DataHandler : Reading the xml file with encoding utf-8......
2023-04-23 19:04:45,166 : INFO : DataHandler : Getting the link of xml file......
2023-04-23 19:04:45,166 : INFO : DataHandler : Succesfully got the link where file_type: DLTINS......
2023-04-23 19:04:45,166 : INFO : DataHandler : Got the link from xml file
2023-04-23 19:04:45,181 : DEBUG : connectionpool : Starting new HTTP connection (1): firds.esma.europa.eu:80
2023-04-23 19:04:46,407 : DEBUG : connectionpool : http://firds.esma.europa.eu:80 "GET /firds/DLTINS_20210117_01of01.zip HTTP/1.1" 200 4434514
2023-04-23 19:04:47,502 : INFO : DataHandler : Download the link into the zip format......
2023-04-23 19:04:47,609 : INFO : DataHandler : Extractin the zip file......
2023-04-23 19:04:48,600 : INFO : DataHandler : Sucessfully extracted the zip file
2023-04-23 19:05:19,733 : INFO : DataHandler : Getting the all required attributes......
2023-04-23 19:05:20,502 : INFO : DataHandler : Successfully saved the data to csv
2023-04-23 19:08:46,336 : INFO : Unit_testing : Starting download xml test
2023-04-23 19:08:46,352 : INFO : Unit_testing : Starting extract_zip test
2023-04-23 19:08:46,352 : INFO : Unit_testing : Starting parsing of xml file
2023-04-23 19:08:46,352 : INFO : Unit_testing : Starting parse_xml test
2023-04-23 19:08:46,352 : INFO : Unit_testing : Starting xml_to_CSV test
2023-04-23 19:12:20,179 : INFO : Unit_testing : Starting download xml test
2023-04-23 19:12:21,732 : INFO : Unit_testing : Starting extract_zip test
2023-04-23 19:12:21,732 : INFO : Unit_testing : Starting parsing of xml file
2023-04-23 19:12:21,732 : INFO : Unit_testing : Starting parse_xml test
2023-04-23 19:12:21,732 : INFO : Unit_testing : Starting xml_to_CSV test
2023-04-23 19:16:34,742 : INFO : Unit_testing : Starting download xml test
2023-04-23 19:16:34,742 : INFO : Unit_testing : Starting extract_zip test
2023-04-23 19:16:34,742 : INFO : Unit_testing : Starting parsing of xml file
2023-04-23 19:16:34,742 : INFO : Unit_testing : Starting parse_xml test
2023-04-23 19:16:34,742 : INFO : Unit_testing : Starting xml_to_CSV test
2023-04-23 19:17:19,899 : INFO : Unit_testing : Starting download xml test
2023-04-23 19:17:19,908 : INFO : Unit_testing : Starting extract_zip test
2023-04-23 19:17:19,908 : INFO : Unit_testing : Starting parsing of xml file
2023-04-23 19:17:19,909 : INFO : Unit_testing : Starting parse_xml test
2023-04-23 19:17:19,910 : INFO : Unit_testing : Starting xml_to_CSV test
2023-04-23 19:22:02,903 : INFO : Unit_testing : Starting download xml test
2023-04-23 19:22:04,614 : INFO : Unit_testing : Starting extract_zip test
2023-04-23 19:22:04,614 : INFO : Unit_testing : Starting parsing of xml file
2023-04-23 19:22:04,614 : INFO : Unit_testing : Starting parse_xml test
2023-04-23 19:22:04,614 : INFO : Unit_testing : Starting xml_to_CSV test
2023-04-23 19:22:26,453 : INFO : Unit_testing : Starting download xml test
2023-04-23 19:22:36,518 : INFO : Unit_testing : Starting extract_zip test
2023-04-23 19:22:36,518 : INFO : Unit_testing : Starting parsing of xml file
2023-04-23 19:22:36,518 : INFO : Unit_testing : Starting parse_xml test
2023-04-23 19:22:36,518 : INFO : Unit_testing : Starting xml_to_CSV test
2023-04-23 19:23:40,652 : INFO : Unit_testing : Starting download xml test
2023-04-23 19:24:47,186 : INFO : Unit_testing : Starting download xml test
2023-04-23 19:25:51,497 : INFO : Unit_testing : Starting download xml test
2023-04-23 19:25:52,831 : INFO : DataHandler : Getting the link of xml file......
2023-04-23 19:25:52,831 : INFO : DataHandler : Succesfully got the link where file_type: DLTINS......
2023-04-23 19:27:14,058 : INFO : Unit_testing : Starting download xml test
2023-04-23 19:27:15,509 : INFO : DataHandler : Getting the link of xml file......
2023-04-23 19:27:15,509 : INFO : DataHandler : Succesfully got the link where file_type: DLTINS......
2023-04-23 19:27:15,509 : INFO : Unit_testing : Successfully got the xml link
2023-04-23 19:32:11,334 : INFO : Unit_testing : Starting extract_zip test
2023-04-23 19:32:11,334 : INFO : Unit_testing : Starting download xml test
2023-04-23 19:32:12,599 : INFO : DataHandler : Getting the link of xml file......
2023-04-23 19:32:12,607 : INFO : DataHandler : Succesfully got the link where file_type: DLTINS......
2023-04-23 19:32:12,607 : INFO : Unit_testing : Successfully got the xml link
2023-04-23 19:32:12,607 : INFO : Unit_testing : Starting parse_xml test
2023-04-23 19:32:12,607 : INFO : Unit_testing : Starting xml_to_CSV test
2023-04-23 19:32:17,336 : INFO : Unit_testing : Starting download xml test
2023-04-23 19:32:18,769 : INFO : DataHandler : Getting the link of xml file......
2023-04-23 19:32:18,769 : INFO : DataHandler : Succesfully got the link where file_type: DLTINS......
2023-04-23 19:32:18,769 : INFO : Unit_testing : Successfully got the xml link
2023-04-23 19:32:18,769 : INFO : Unit_testing : Starting parse_xml test
2023-04-23 19:39:13,955 : INFO : Unit_testing : Starting download xml test
2023-04-23 19:39:15,274 : INFO : DataHandler : Getting the link of xml file......
2023-04-23 19:39:15,274 : INFO : DataHandler : Succesfully got the link where file_type: DLTINS......
2023-04-23 19:39:15,274 : INFO : Unit_testing : Successfully got the xml link
2023-04-23 19:39:15,274 : INFO : Unit_testing : Starting parse_xml test
2023-04-23 19:39:46,596 : INFO : Unit_testing : Starting download xml test
2023-04-23 19:39:48,013 : INFO : DataHandler : Getting the link of xml file......
2023-04-23 19:39:48,013 : INFO : DataHandler : Succesfully got the link where file_type: DLTINS......
2023-04-23 19:39:48,013 : INFO : Unit_testing : Successfully got the xml link
2023-04-23 19:39:48,013 : INFO : Unit_testing : Starting parse_xml test
2023-04-23 19:39:48,013 : INFO : Unit_testing : Zip file downloaded successfully
2023-04-23 19:40:43,904 : INFO : Unit_testing : Starting extract_zip test
2023-04-23 19:40:43,904 : INFO : Unit_testing : Zip file extracted successfully
2023-04-23 19:40:43,904 : INFO : Unit_testing : Starting download xml test
2023-04-23 19:40:45,321 : INFO : DataHandler : Getting the link of xml file......
2023-04-23 19:40:45,321 : INFO : DataHandler : Succesfully got the link where file_type: DLTINS......
2023-04-23 19:40:45,321 : INFO : Unit_testing : Successfully got the xml link
2023-04-23 19:40:45,321 : INFO : Unit_testing : Starting parse_xml test
2023-04-23 19:40:45,321 : INFO : Unit_testing : Zip file downloaded successfully
2023-04-23 19:47:40,332 : INFO : DataHandler : Sending the request to open the link......
2023-04-23 19:47:41,809 : INFO : DataHandler : Reading the xml file with encoding utf-8......
2023-04-23 19:47:41,822 : INFO : DataHandler : Getting the link of xml file......
2023-04-23 19:47:41,822 : INFO : DataHandler : Succesfully got the link where file_type: DLTINS......
2023-04-23 19:47:41,822 : INFO : DataHandler : Got the link from xml file
2023-04-23 19:47:41,832 : DEBUG : connectionpool : Starting new HTTP connection (1): firds.esma.europa.eu:80
2023-04-23 19:47:42,347 : DEBUG : connectionpool : http://firds.esma.europa.eu:80 "GET /firds/DLTINS_20210117_01of01.zip HTTP/1.1" 200 4434514
2023-04-23 19:47:57,580 : INFO : DataHandler : Download the link into the zip format......
2023-04-23 19:47:57,580 : INFO : DataHandler : Extractin the zip file......
2023-04-23 19:47:58,540 : INFO : DataHandler : Sucessfully extracted the zip file
2023-04-23 19:48:28,966 : INFO : DataHandler : Getting the all required attributes......
2023-04-23 19:48:29,965 : INFO : DataHandler : Successfully saved the data to csv
2023-04-23 19:48:30,311 : INFO : DataHandler : Sending the request to open the link......
2023-04-23 19:48:31,757 : INFO : DataHandler : Reading the xml file with encoding utf-8......
2023-04-23 19:48:31,773 : INFO : DataHandler : Getting the link of xml file......
2023-04-23 19:48:31,773 : INFO : DataHandler : Succesfully got the link where file_type: DLTINS......
2023-04-23 19:48:31,773 : INFO : DataHandler : Got the link from xml file
2023-04-23 19:48:31,773 : DEBUG : connectionpool : Starting new HTTP connection (1): firds.esma.europa.eu:80
2023-04-23 19:48:31,930 : DEBUG : connectionpool : http://firds.esma.europa.eu:80 "GET /firds/DLTINS_20210117_01of01.zip HTTP/1.1" 200 4434514
2023-04-23 19:48:32,946 : INFO : DataHandler : Download the link into the zip format......
2023-04-23 19:48:32,952 : INFO : DataHandler : Extractin the zip file......
2023-04-23 19:48:33,665 : INFO : DataHandler : Sucessfully extracted the zip file
2023-04-23 19:49:02,421 : INFO : DataHandler : Getting the all required attributes......
2023-04-23 19:49:03,128 : INFO : DataHandler : Successfully saved the data to csv
2023-04-23 19:49:03,427 : INFO : DataHandler : Sending the request to open the link......
2023-04-23 19:49:04,774 : INFO : DataHandler : Reading the xml file with encoding utf-8......
2023-04-23 19:49:04,789 : INFO : DataHandler : Getting the link of xml file......
2023-04-23 19:49:04,789 : INFO : DataHandler : Succesfully got the link where file_type: DLTINS......
2023-04-23 19:49:04,789 : INFO : DataHandler : Got the link from xml file
2023-04-23 19:49:04,789 : DEBUG : connectionpool : Starting new HTTP connection (1): firds.esma.europa.eu:80
2023-04-23 19:49:04,995 : DEBUG : connectionpool : http://firds.esma.europa.eu:80 "GET /firds/DLTINS_20210117_01of01.zip HTTP/1.1" 200 4434514
2023-04-23 19:49:07,694 : INFO : DataHandler : Download the link into the zip format......
2023-04-23 19:49:07,706 : INFO : DataHandler : Extractin the zip file......
2023-04-23 19:49:08,477 : INFO : DataHandler : Sucessfully extracted the zip file
2023-04-23 19:49:36,328 : INFO : DataHandler : Getting the all required attributes......
2023-04-23 19:49:37,003 : INFO : DataHandler : Successfully saved the data to csv
2023-04-23 19:49:37,302 : INFO : Unit_testing : Starting extract_zip test
2023-04-23 19:49:37,302 : INFO : Unit_testing : Zip file extracted successfully
2023-04-23 19:49:37,302 : INFO : Unit_testing : Starting download xml test
2023-04-23 19:49:39,316 : INFO : DataHandler : Getting the link of xml file......
2023-04-23 19:49:39,316 : INFO : DataHandler : Succesfully got the link where file_type: DLTINS......
2023-04-23 19:49:39,316 : INFO : Unit_testing : Successfully got the xml link
2023-04-23 19:49:39,316 : INFO : Unit_testing : Starting parse_xml test
2023-04-23 19:49:39,316 : INFO : Unit_testing : Zip file downloaded successfully
2023-04-23 19:53:46,863 : INFO : Unit_testing : Starting extract_zip test
2023-04-23 19:53:46,925 : INFO : Unit_testing : Starting download xml test
2023-04-23 19:53:48,740 : INFO : DataHandler : Getting the link of xml file......
2023-04-23 19:53:48,740 : INFO : DataHandler : Succesfully got the link where file_type: DLTINS......
2023-04-23 19:53:48,740 : INFO : Unit_testing : Successfully got the xml link
2023-04-23 19:53:48,740 : INFO : Unit_testing : Starting parse_xml test
2023-04-23 19:54:18,918 : INFO : DataHandler : Sending the request to open the link......
2023-04-23 19:54:20,323 : INFO : DataHandler : Reading the xml file with encoding utf-8......
2023-04-23 19:54:20,339 : INFO : DataHandler : Getting the link of xml file......
2023-04-23 19:54:20,339 : INFO : DataHandler : Succesfully got the link where file_type: DLTINS......
2023-04-23 19:54:20,339 : INFO : DataHandler : Got the link from xml file
2023-04-23 19:54:20,339 : DEBUG : connectionpool : Starting new HTTP connection (1): firds.esma.europa.eu:80
2023-04-23 19:54:20,527 : DEBUG : connectionpool : http://firds.esma.europa.eu:80 "GET /firds/DLTINS_20210117_01of01.zip HTTP/1.1" 200 4434514
2023-04-23 19:54:23,444 : INFO : DataHandler : Download the link into the zip format......
2023-04-23 19:54:23,559 : INFO : DataHandler : Extractin the zip file......
2023-04-23 19:54:24,493 : INFO : DataHandler : Sucessfully extracted the zip file
2023-04-23 19:54:54,880 : INFO : DataHandler : Getting the all required attributes......
2023-04-23 19:54:55,471 : INFO : DataHandler : Successfully saved the data to csv
2023-04-23 19:54:55,795 : INFO : DataHandler : Sending the request to open the link......
2023-04-23 19:54:57,462 : INFO : DataHandler : Reading the xml file with encoding utf-8......
2023-04-23 19:54:57,477 : INFO : DataHandler : Getting the link of xml file......
2023-04-23 19:54:57,477 : INFO : DataHandler : Succesfully got the link where file_type: DLTINS......
2023-04-23 19:54:57,477 : INFO : DataHandler : Got the link from xml file
2023-04-23 19:54:57,477 : DEBUG : connectionpool : Starting new HTTP connection (1): firds.esma.europa.eu:80
2023-04-23 19:54:57,649 : DEBUG : connectionpool : http://firds.esma.europa.eu:80 "GET /firds/DLTINS_20210117_01of01.zip HTTP/1.1" 200 4434514
2023-04-23 19:55:01,238 : INFO : DataHandler : Download the link into the zip format......
2023-04-23 19:55:01,238 : INFO : DataHandler : Extractin the zip file......
2023-04-23 19:55:01,815 : INFO : DataHandler : Sucessfully extracted the zip file
2023-04-23 19:55:40,871 : INFO : DataHandler : Getting the all required attributes......
2023-04-23 19:55:41,576 : INFO : DataHandler : Successfully saved the data to csv
2023-04-23 19:55:41,874 : INFO : DataHandler : Sending the request to open the link......
2023-04-23 19:55:43,254 : INFO : DataHandler : Reading the xml file with encoding utf-8......
2023-04-23 19:55:43,254 : INFO : DataHandler : Getting the link of xml file......
2023-04-23 19:55:43,269 : INFO : DataHandler : Succesfully got the link where file_type: DLTINS......
2023-04-23 19:55:43,269 : INFO : DataHandler : Got the link from xml file
2023-04-23 19:55:43,269 : DEBUG : connectionpool : Starting new HTTP connection (1): firds.esma.europa.eu:80
2023-04-23 19:55:43,569 : DEBUG : connectionpool : http://firds.esma.europa.eu:80 "GET /firds/DLTINS_20210117_01of01.zip HTTP/1.1" 200 4434514
2023-04-23 19:55:46,568 : INFO : DataHandler : Download the link into the zip format......
2023-04-23 19:55:46,573 : INFO : DataHandler : Extractin the zip file......
2023-04-23 19:55:47,024 : INFO : DataHandler : Sucessfully extracted the zip file
2023-04-23 19:56:11,331 : INFO : DataHandler : Getting the all required attributes......
2023-04-23 19:56:11,956 : INFO : DataHandler : Successfully saved the data to csv
2023-04-23 19:56:12,240 : INFO : Unit_testing : Starting extract_zip test
2023-04-23 19:56:12,240 : INFO : Unit_testing : Zip file extracted successfully
2023-04-23 19:56:12,240 : INFO : Unit_testing : Starting download xml test
2023-04-23 19:56:13,850 : INFO : DataHandler : Getting the link of xml file......
2023-04-23 19:56:13,850 : INFO : DataHandler : Succesfully got the link where file_type: DLTINS......
2023-04-23 19:56:13,850 : INFO : Unit_testing : Successfully got the xml link
2023-04-23 19:56:13,850 : INFO : Unit_testing : Starting parse_xml test
2023-04-23 19:56:13,850 : INFO : Unit_testing : Zip file downloaded successfully
2023-04-23 20:12:21,581 : INFO : DataHandler : Sending the request to open the link......
2023-04-23 20:12:22,878 : INFO : DataHandler : Reading the xml file with encoding utf-8......
2023-04-23 20:12:22,893 : INFO : DataHandler : Getting the link of xml file......
2023-04-23 20:12:22,893 : INFO : DataHandler : Succesfully got the link where file_type: DLTINS......
2023-04-23 20:12:22,893 : INFO : DataHandler : Got the link from xml file
2023-04-23 20:12:22,909 : DEBUG : connectionpool : Starting new HTTP connection (1): firds.esma.europa.eu:80
2023-04-23 20:12:23,100 : DEBUG : connectionpool : http://firds.esma.europa.eu:80 "GET /firds/DLTINS_20210117_01of01.zip HTTP/1.1" 200 4434514
2023-04-23 20:12:24,150 : INFO : DataHandler : Download the link into the zip format......
2023-04-23 20:12:24,150 : INFO : DataHandler : Extractin the zip file......
2023-04-23 20:12:24,991 : INFO : DataHandler : Sucessfully extracted the zip file
2023-04-23 20:12:53,578 : INFO : DataHandler : Getting the all required attributes......
2023-04-23 20:12:54,394 : INFO : DataHandler : Successfully saved the data to csv
2023-04-23 20:12:54,819 : INFO : DataHandler : Sending the request to open the link......
2023-04-23 20:12:56,178 : INFO : DataHandler : Reading the xml file with encoding utf-8......
2023-04-23 20:12:56,194 : INFO : DataHandler : Getting the link of xml file......
2023-04-23 20:12:56,194 : INFO : DataHandler : Succesfully got the link where file_type: DLTINS......
2023-04-23 20:12:56,194 : INFO : DataHandler : Got the link from xml file
2023-04-23 20:12:56,194 : DEBUG : connectionpool : Starting new HTTP connection (1): firds.esma.europa.eu:80
2023-04-23 20:12:56,350 : DEBUG : connectionpool : http://firds.esma.europa.eu:80 "GET /firds/DLTINS_20210117_01of01.zip HTTP/1.1" 200 4434514
2023-04-23 20:12:57,307 : INFO : DataHandler : Download the link into the zip format......
2023-04-23 20:12:57,307 : INFO : DataHandler : Extractin the zip file......
2023-04-23 20:12:57,854 : INFO : DataHandler : Sucessfully extracted the zip file
2023-04-23 20:13:27,754 : INFO : DataHandler : Getting the all required attributes......
2023-04-23 20:13:28,395 : INFO : DataHandler : Successfully saved the data to csv
2023-04-23 20:13:28,753 : INFO : DataHandler : Sending the request to open the link......
2023-04-23 20:13:30,387 : INFO : DataHandler : Reading the xml file with encoding utf-8......
2023-04-23 20:13:30,403 : INFO : DataHandler : Getting the link of xml file......
2023-04-23 20:13:30,403 : INFO : DataHandler : Succesfully got the link where file_type: DLTINS......
2023-04-23 20:13:30,403 : INFO : DataHandler : Got the link from xml file
2023-04-23 20:13:30,403 : DEBUG : connectionpool : Starting new HTTP connection (1): firds.esma.europa.eu:80
2023-04-23 20:13:30,575 : DEBUG : connectionpool : http://firds.esma.europa.eu:80 "GET /firds/DLTINS_20210117_01of01.zip HTTP/1.1" 200 4434514
2023-04-23 20:13:32,877 : INFO : DataHandler : Download the link into the zip format......
2023-04-23 20:13:32,893 : INFO : DataHandler : Extractin the zip file......
2023-04-23 20:13:33,458 : INFO : DataHandler : Sucessfully extracted the zip file
2023-04-23 20:14:01,931 : INFO : DataHandler : Getting the all required attributes......
2023-04-23 20:14:02,726 : INFO : DataHandler : Successfully saved the data to csv
2023-04-23 20:14:03,086 : INFO : DataHandler : Sending the request to open the link......
2023-04-23 20:14:04,517 : INFO : DataHandler : Reading the xml file with encoding utf-8......
2023-04-23 20:14:04,525 : INFO : DataHandler : Getting the link of xml file......
2023-04-23 20:14:04,525 : INFO : DataHandler : Succesfully got the link where file_type: DLTINS......
2023-04-23 20:14:04,525 : INFO : DataHandler : Got the link from xml file
2023-04-23 20:14:04,525 : DEBUG : connectionpool : Starting new HTTP connection (1): firds.esma.europa.eu:80
2023-04-23 20:14:04,761 : DEBUG : connectionpool : http://firds.esma.europa.eu:80 "GET /firds/DLTINS_20210117_01of01.zip HTTP/1.1" 200 4434514
2023-04-23 20:14:07,268 : INFO : DataHandler : Download the link into the zip format......
2023-04-23 20:14:07,268 : INFO : DataHandler : Extractin the zip file......
2023-04-23 20:14:07,888 : INFO : DataHandler : Sucessfully extracted the zip file
2023-04-23 20:15:09,247 : INFO : DataHandler : Sending the request to open the link......
2023-04-23 20:15:10,628 : INFO : DataHandler : Reading the xml file with encoding utf-8......
2023-04-23 20:15:10,644 : INFO : DataHandler : Getting the link of xml file......
2023-04-23 20:15:10,644 : INFO : DataHandler : Succesfully got the link where file_type: DLTINS......
2023-04-23 20:15:10,644 : INFO : DataHandler : Got the link from xml file
2023-04-23 20:15:10,644 : DEBUG : connectionpool : Starting new HTTP connection (1): firds.esma.europa.eu:80
2023-04-23 20:15:10,808 : DEBUG : connectionpool : http://firds.esma.europa.eu:80 "GET /firds/DLTINS_20210117_01of01.zip HTTP/1.1" 200 4434514
2023-04-23 20:15:48,081 : INFO : DataHandler : Download the link into the zip format......
2023-04-23 20:15:48,441 : INFO : DataHandler : Extractin the zip file......
2023-04-23 20:15:48,959 : INFO : DataHandler : Sucessfully extracted the zip file
2023-04-23 20:16:16,232 : INFO : DataHandler : Getting the all required attributes......
2023-04-23 20:16:16,847 : INFO : DataHandler : Successfully saved the data to csv
2023-04-23 20:16:17,207 : INFO : DataHandler : Sending the request to open the link......
2023-04-23 20:16:19,417 : INFO : DataHandler : Reading the xml file with encoding utf-8......
2023-04-23 20:16:19,433 : INFO : DataHandler : Getting the link of xml file......
2023-04-23 20:16:19,433 : INFO : DataHandler : Succesfully got the link where file_type: DLTINS......
2023-04-23 20:16:19,433 : INFO : DataHandler : Got the link from xml file
2023-04-23 20:16:19,433 : DEBUG : connectionpool : Starting new HTTP connection (1): firds.esma.europa.eu:80
2023-04-23 20:16:19,839 : DEBUG : connectionpool : http://firds.esma.europa.eu:80 "GET /firds/DLTINS_20210117_01of01.zip HTTP/1.1" 200 4434514
2023-04-23 20:16:47,274 : INFO : DataHandler : Download the link into the zip format......
2023-04-23 20:16:47,290 : INFO : DataHandler : Extractin the zip file......
2023-04-23 20:16:47,848 : INFO : DataHandler : Sucessfully extracted the zip file
2023-04-23 20:17:15,016 : INFO : DataHandler : Getting the all required attributes......
2023-04-23 20:17:15,780 : INFO : DataHandler : Successfully saved the data to csv
2023-04-23 20:17:16,092 : INFO : DataHandler : Sending the request to open the link......
2023-04-23 20:17:19,053 : INFO : DataHandler : Reading the xml file with encoding utf-8......
2023-04-23 20:17:19,053 : INFO : DataHandler : Getting the link of xml file......
2023-04-23 20:17:19,053 : INFO : DataHandler : Succesfully got the link where file_type: DLTINS......
2023-04-23 20:17:19,053 : INFO : DataHandler : Got the link from xml file
2023-04-23 20:17:19,053 : DEBUG : connectionpool : Starting new HTTP connection (1): firds.esma.europa.eu:80
2023-04-23 20:17:19,225 : DEBUG : connectionpool : http://firds.esma.europa.eu:80 "GET /firds/DLTINS_20210117_01of01.zip HTTP/1.1" 200 4434514
2023-04-23 20:17:42,522 : INFO : DataHandler : Download the link into the zip format......
2023-04-23 20:17:42,522 : INFO : DataHandler : Extractin the zip file......
2023-04-23 20:17:43,055 : INFO : DataHandler : Sucessfully extracted the zip file
2023-04-23 20:18:10,302 : INFO : DataHandler : Getting the all required attributes......
2023-04-23 20:18:10,912 : INFO : DataHandler : Successfully saved the data to csv
2023-04-23 20:18:11,209 : INFO : DataHandler : Sending the request to open the link......
2023-04-23 20:18:12,726 : INFO : DataHandler : Reading the xml file with encoding utf-8......
2023-04-23 20:18:12,732 : INFO : DataHandler : Getting the link of xml file......
2023-04-23 20:18:12,733 : INFO : DataHandler : Succesfully got the link where file_type: DLTINS......
2023-04-23 20:18:12,733 : INFO : DataHandler : Got the link from xml file
2023-04-23 20:18:12,734 : DEBUG : connectionpool : Starting new HTTP connection (1): firds.esma.europa.eu:80
2023-04-23 20:18:13,107 : DEBUG : connectionpool : http://firds.esma.europa.eu:80 "GET /firds/DLTINS_20210117_01of01.zip HTTP/1.1" 200 4434514
2023-04-23 20:18:20,146 : INFO : DataHandler : Download the link into the zip format......
2023-04-23 20:18:20,146 : INFO : DataHandler : Extractin the zip file......
2023-04-23 20:18:20,663 : INFO : DataHandler : Sucessfully extracted the zip file
2023-04-23 20:18:48,019 : INFO : DataHandler : Getting the all required attributes......
2023-04-23 20:18:48,615 : INFO : DataHandler : Successfully saved the data to csv
2023-04-23 20:18:48,915 : INFO : Unit_testing : Starting extract_zip test
2023-04-23 20:18:48,915 : INFO : Unit_testing : Zip file extracted successfully
2023-04-23 20:18:48,930 : INFO : Unit_testing : Starting download xml test
2023-04-23 20:18:50,277 : INFO : DataHandler : Getting the link of xml file......
2023-04-23 20:18:50,277 : INFO : DataHandler : Succesfully got the link where file_type: DLTINS......
2023-04-23 20:18:50,277 : INFO : Unit_testing : Successfully got the xml link
2023-04-23 20:18:50,277 : INFO : Unit_testing : Starting parse_xml test
2023-04-23 20:18:50,277 : INFO : Unit_testing : Zip file downloaded successfully
2023-04-23 20:18:50,277 : INFO : Unit_testing : Starting xml_to_CSV test
2023-04-23 20:18:50,277 : INFO : Unit_testing : CSV file created successfully
